<?xml version="1.0" encoding="UTF-8"?>
<!-- Generated by org.testng.reporters.JUnitReportReporter -->
<testsuite skipped="0" hostname="DESKTOP-73G0TGN" name="test.TestCases" tests="3" failures="0" timestamp="2022-12-10T09:30:37 IST" time="6.692" errors="0">
  <testcase name="login" time="3.398" classname="test.TestCases"/>
  <system-out/>
  <testcase name="dashboard" time="3.292" classname="test.TestCases"/>
  <system-out/>
  <testcase name="pimSection" time="0.002" classname="test.TestCases"/>
  <system-out/>
</testsuite> <!-- test.TestCases -->
